2023-05-16T10:39:46.665+06:30  INFO 20936 --- [restartedMain] c.c.c.n.NetSolutionAppApplication        : Starting NetSolutionAppApplication using Java 17.0.6 with PID 20936 (C:\Users\perse\IdeaProjects\NetSolutionApp\target\classes started by perse in C:\Users\perse\IdeaProjects\NetSolutionApp)
2023-05-16T10:39:46.667+06:30  INFO 20936 --- [restartedMain] c.c.c.n.NetSolutionAppApplication        : No active profile set, falling back to 1 default profile: "default"
2023-05-16T10:39:46.708+06:30  INFO 20936 --- [restartedMain] .e.DevToolsPropertyDefaultsPostProcessor : Devtools property defaults active! Set 'spring.devtools.add-properties' to 'false' to disable
2023-05-16T10:39:46.709+06:30  INFO 20936 --- [restartedMain] .e.DevToolsPropertyDefaultsPostProcessor : For additional web related logging consider setting the 'logging.level.web' property to 'DEBUG'
2023-05-16T10:39:47.171+06:30  INFO 20936 --- [restartedMain] .s.d.r.c.RepositoryConfigurationDelegate : Bootstrapping Spring Data JPA repositories in DEFAULT mode.
2023-05-16T10:39:47.225+06:30  INFO 20936 --- [restartedMain] .s.d.r.c.RepositoryConfigurationDelegate : Finished Spring Data repository scanning in 46 ms. Found 1 JPA repository interfaces.
2023-05-16T10:39:47.614+06:30  INFO 20936 --- [restartedMain] o.s.b.w.embedded.tomcat.TomcatWebServer  : Tomcat initialized with port(s): 6060 (http)
2023-05-16T10:39:47.621+06:30  INFO 20936 --- [restartedMain] o.apache.catalina.core.StandardService   : Starting service [Tomcat]
2023-05-16T10:39:47.622+06:30  INFO 20936 --- [restartedMain] o.apache.catalina.core.StandardEngine    : Starting Servlet engine: [Apache Tomcat/10.1.8]
2023-05-16T10:39:47.662+06:30  INFO 20936 --- [restartedMain] o.a.c.c.C.[Tomcat].[localhost].[/]       : Initializing Spring embedded WebApplicationContext
2023-05-16T10:39:47.662+06:30  INFO 20936 --- [restartedMain] w.s.c.ServletWebServerApplicationContext : Root WebApplicationContext: initialization completed in 953 ms
2023-05-16T10:39:47.767+06:30  INFO 20936 --- [restartedMain] o.hibernate.jpa.internal.util.LogHelper  : HHH000204: Processing PersistenceUnitInfo [name: default]
2023-05-16T10:39:47.809+06:30  INFO 20936 --- [restartedMain] org.hibernate.Version                    : HHH000412: Hibernate ORM core version 6.1.7.Final
2023-05-16T10:39:48.017+06:30  INFO 20936 --- [restartedMain] com.zaxxer.hikari.HikariDataSource       : HikariPool-1 - Starting...
2023-05-16T10:39:48.138+06:30  INFO 20936 --- [restartedMain] com.zaxxer.hikari.pool.HikariPool        : HikariPool-1 - Added connection com.mysql.cj.jdbc.ConnectionImpl@6bf2ab5c
2023-05-16T10:39:48.139+06:30  INFO 20936 --- [restartedMain] com.zaxxer.hikari.HikariDataSource       : HikariPool-1 - Start completed.
2023-05-16T10:39:48.152+06:30  INFO 20936 --- [restartedMain] SQL dialect                              : HHH000400: Using dialect: org.hibernate.dialect.MySQL8Dialect
2023-05-16T10:39:48.155+06:30  WARN 20936 --- [restartedMain] org.hibernate.orm.deprecation            : HHH90000026: MySQL8Dialect has been deprecated; use org.hibernate.dialect.MySQLDialect instead
2023-05-16T10:39:48.688+06:30  INFO 20936 --- [restartedMain] o.h.e.t.j.p.i.JtaPlatformInitiator       : HHH000490: Using JtaPlatform implementation: [org.hibernate.engine.transaction.jta.platform.internal.NoJtaPlatform]
2023-05-16T10:39:48.695+06:30  INFO 20936 --- [restartedMain] j.LocalContainerEntityManagerFactoryBean : Initialized JPA EntityManagerFactory for persistence unit 'default'
2023-05-16T10:39:48.932+06:30  WARN 20936 --- [restartedMain] JpaBaseConfiguration$JpaWebConfiguration : spring.jpa.open-in-view is enabled by default. Therefore, database queries may be performed during view rendering. Explicitly configure spring.jpa.open-in-view to disable this warning
2023-05-16T10:39:49.393+06:30  INFO 20936 --- [restartedMain] o.s.b.d.a.OptionalLiveReloadServer       : LiveReload server is running on port 35729
2023-05-16T10:39:49.419+06:30  INFO 20936 --- [restartedMain] o.s.b.w.embedded.tomcat.TomcatWebServer  : Tomcat started on port(s): 6060 (http) with context path ''
2023-05-16T10:39:49.426+06:30  INFO 20936 --- [restartedMain] c.c.c.n.NetSolutionAppApplication        : Started NetSolutionAppApplication in 3.193 seconds (process running for 3.876)
2023-05-16T10:40:19.423+06:30  INFO 20936 --- [http-nio-6060-exec-1] o.a.c.c.C.[Tomcat].[localhost].[/]       : Initializing Spring DispatcherServlet 'dispatcherServlet'
2023-05-16T10:40:19.424+06:30  INFO 20936 --- [http-nio-6060-exec-1] o.s.web.servlet.DispatcherServlet        : Initializing Servlet 'dispatcherServlet'
2023-05-16T10:40:19.425+06:30  INFO 20936 --- [http-nio-6060-exec-1] o.s.web.servlet.DispatcherServlet        : Completed initialization in 1 ms
2023-05-16T10:43:46.946+06:30  INFO 20936 --- [http-nio-6060-exec-1] c.c.c.n.controller.ProductController     : New Product has been saved to database!. . .
2023-05-16T10:45:52.664+06:30  INFO 20936 --- [http-nio-6060-exec-4] c.c.c.n.controller.ProductController     : New Product has been saved to database!. . .
2023-05-16T10:47:48.602+06:30  INFO 20936 --- [http-nio-6060-exec-8] c.c.c.n.controller.ProductController     : New Product has been saved to database!. . .
2023-05-16T10:48:19.331+06:30  INFO 20936 --- [http-nio-6060-exec-2] c.c.c.n.controller.ProductController     : New Product has been saved to database!. . .
2023-05-16T10:52:17.050+06:30  INFO 20936 --- [SpringApplicationShutdownHook] j.LocalContainerEntityManagerFactoryBean : Closing JPA EntityManagerFactory for persistence unit 'default'
2023-05-16T10:52:17.053+06:30  INFO 20936 --- [SpringApplicationShutdownHook] com.zaxxer.hikari.HikariDataSource       : HikariPool-1 - Shutdown initiated...
2023-05-16T10:52:17.062+06:30  INFO 20936 --- [SpringApplicationShutdownHook] com.zaxxer.hikari.HikariDataSource       : HikariPool-1 - Shutdown completed.
